Total unique products with duplicates: 15
Total extra copies to delete: 15

DUPLICATE: akasha aayam wall hanging (2 copies)
  - ID: 82844eb6-f28e-456a-80b6-c89df34baba4 | Name: Akasha Aayam Wall Hanging | CreatedAt: 2026-02-14T07:55:09.497Z
  - ID: expression-wall-hanging-sl | Name: Akasha Aayam Wall Hanging | CreatedAt: 2026-02-20T06:38:03.450Z

DUPLICATE: aarohma ekam bonsai: throat (vishuddha) chakra (2 copies)
  - ID: c9e0132b-b011-472b-8ce6-5f6121667e78 | Name: Aarohma Ekam Bonsai: Throat (Vishuddha) Chakra | CreatedAt: 2026-02-14T07:55:11.564Z
  - ID: expression-bonsai-sl | Name: Aarohma Ekam Bonsai: Throat (Vishuddha) Chakra | CreatedAt: 2026-02-20T06:38:04.466Z

DUPLICATE: brahma aayam wall hanging (2 copies)
  - ID: 7b6bd825-dd86-489a-b3cf-c50b6f6789a4 | Name: Brahma Aayam Wall Hanging | CreatedAt: 2026-02-14T07:55:14.023Z
  - ID: expansion-wall-hanging-sl | Name: Brahma Aayam Wall Hanging | CreatedAt: 2026-02-20T06:38:06.006Z

DUPLICATE: jnana aayam wall hanging (2 copies)
  - ID: 395c7b6d-a623-4cec-9ecf-cfb02d61b410 | Name: Jnana Aayam Wall Hanging | CreatedAt: 2026-02-14T07:55:19.210Z
  - ID: insight-wall-hanging-sl | Name: Jnana Aayam Wall Hanging | CreatedAt: 2026-02-20T06:38:11.942Z

DUPLICATE: aarohma ekam bonsai: third eye (ajna) chakra (2 copies)
  - ID: af763146-b6e1-494f-8409-9f50f82f70e8 | Name: Aarohma Ekam Bonsai: Third Eye (Ajna) Chakra | CreatedAt: 2026-02-14T07:55:20.646Z
  - ID: insight-bonsai-sl | Name: Aarohma Ekam Bonsai: Third Eye (Ajna) Chakra | CreatedAt: 2026-02-20T06:38:12.705Z

DUPLICATE: jal aayam wall hanging (2 copies)
  - ID: 336893fc-3c6d-4d0c-bedd-b0b90d5d848f | Name: Jal Aayam Wall Hanging | CreatedAt: 2026-02-14T07:55:25.119Z
  - ID: flow-wall-hanging-sl | Name: Jal Aayam Wall Hanging | CreatedAt: 2026-02-20T06:38:15.905Z

DUPLICATE: aarohma ekam bonsai: sacral (svadisthana) chakra (2 copies)
  - ID: 07e80347-c5a5-46c8-bd35-3e1825b386ca | Name: Aarohma Ekam Bonsai: Sacral (Svadisthana) Chakra | CreatedAt: 2026-02-14T07:55:26.377Z
  - ID: flow-bonsai-sl | Name: Aarohma Ekam Bonsai: Sacral (Svadisthana) Chakra | CreatedAt: 2026-02-20T06:38:16.550Z

DUPLICATE: vayu aayam wall hanging (2 copies)
  - ID: 542142f5-c15a-4c34-88ef-77da673571c4 | Name: Vayu Aayam Wall Hanging | CreatedAt: 2026-02-14T07:55:30.016Z
  - ID: love-wall-hanging-sl | Name: Vayu Aayam Wall Hanging | CreatedAt: 2026-02-20T06:38:25.367Z

DUPLICATE: aarohma ekam bonsai: heart (anahata) chakra (2 copies)
  - ID: 447c1d08-a2ae-48d1-b1d4-f249bf3159d5 | Name: Aarohma Ekam Bonsai: Heart (Anahata) Chakra | CreatedAt: 2026-02-14T07:55:31.190Z
  - ID: love-bonsai-sl | Name: Aarohma Ekam Bonsai: Heart (Anahata) Chakra | CreatedAt: 2026-02-20T06:38:26.028Z

DUPLICATE: prithvi aayam wall hanging (2 copies)
  - ID: 3a3225ba-e1ff-403a-b643-a20250c486bc | Name: Prithvi Aayam Wall Hanging | CreatedAt: 2026-02-14T07:55:35.207Z
  - ID: root-wall-hanging-sl | Name: Prithvi Aayam Wall Hanging | CreatedAt: 2026-02-20T06:18:00.982Z

DUPLICATE: aarohma ekam bonsai: root (muladhara) chakra (2 copies)
  - ID: 17121416-23d5-45bb-a949-dbff424765ff | Name: Aarohma Ekam Bonsai: Root (Muladhara) Chakra | CreatedAt: 2026-02-14T07:55:38.077Z
  - ID: grounding-bonsai-sl | Name: Aarohma Ekam Bonsai: Root (Muladhara) Chakra | CreatedAt: 2026-02-20T06:38:22.796Z

DUPLICATE: agni aayam wall hanging (2 copies)
  - ID: 6039d852-902f-4974-b261-54bd0cc995d7 | Name: Agni Aayam Wall Hanging | CreatedAt: 2026-02-14T07:55:39.279Z
  - ID: power-wall-hanging-sl | Name: Agni Aayam Wall Hanging | CreatedAt: 2026-02-20T06:38:19.096Z

DUPLICATE: aarohma ekam bonsai: solar plexus (manipura) chakra (2 copies)
  - ID: 6052bcc1-d660-4436-8ae5-06b517f9805c | Name: Aarohma Ekam Bonsai: Solar Plexus (Manipura) Chakra | CreatedAt: 2026-02-14T07:55:40.918Z
  - ID: power-bonsai-sl | Name: Aarohma Ekam Bonsai: Solar Plexus (Manipura) Chakra | CreatedAt: 2026-02-20T06:38:19.827Z

DUPLICATE: aamvaraah neck warmer: cream (2 copies)
  - ID: 2cdf30e7-714b-41ba-95f5-e4cb68204695 | Name: Aamvaraah Neck Warmer: Cream | CreatedAt: 2026-02-19T10:12:28.581Z
  - ID: expansion-sl-4 | Name: Aamvaraah Neck Warmer: Cream | CreatedAt: 2026-02-20T06:38:08.250Z

DUPLICATE: aamvaraah neck warmer: tangerine (2 copies)
  - ID: c70d533a-e7e1-418b-a2e2-c424b48f79a7 | Name: Aamvaraah Neck Warmer: Tangerine | CreatedAt: 2026-02-19T10:12:29.330Z
  - ID: flow-sl-4 | Name: Aamvaraah Neck Warmer: Tangerine | CreatedAt: 2026-02-20T06:38:18.393Z